

Processing Base#index (for 172.16.42.31 at 2007-10-05 14:53:18) [GET]
  Session ID: 9385447ab92fbb3437e24a4d510efd90
  Parameters: {}


ActionController::RoutingError (Recognition failed for "/rails/info/properties"):
    .//vendor/rails/actionpack/lib/action_controller/routing.rb:522:in `recognition_failed'
    .//vendor/rails/actionpack/lib/action_controller/routing.rb:512:in `recognize!'
    .//vendor/rails/railties/lib/dispatcher.rb:38:in `dispatch'
    .//vendor/rails/railties/lib/webrick_server.rb:115:in `handle_dispatch'
    .//vendor/rails/railties/lib/webrick_server.rb:81:in `service'
    /usr/lib/ruby/1.8/webrick/httpserver.rb:104:in `service'
    /usr/lib/ruby/1.8/webrick/httpserver.rb:65:in `run'
    /usr/lib/ruby/1.8/webrick/server.rb:173:in `start_thread'
    /usr/lib/ruby/1.8/webrick/server.rb:162:in `start'
    /usr/lib/ruby/1.8/webrick/server.rb:162:in `start_thread'
    /usr/lib/ruby/1.8/webrick/server.rb:95:in `start'
    /usr/lib/ruby/1.8/webrick/server.rb:92:in `each'
    /usr/lib/ruby/1.8/webrick/server.rb:92:in `start'
    /usr/lib/ruby/1.8/webrick/server.rb:23:in `start'
    /usr/lib/ruby/1.8/webrick/server.rb:82:in `start'
    .//vendor/rails/railties/lib/webrick_server.rb:67:in `dispatch'
    .//vendor/rails/railties/lib/commands/servers/webrick.rb:59
    .//vendor/rails/activesupport/lib/active_support/dependencies.rb:147:in `require'
    .//vendor/rails/activesupport/lib/active_support/dependencies.rb:147:in `require'
    .//vendor/rails/railties/lib/commands/server.rb:30
    ./script/server:3:in `require'
    ./script/server:3


Rendering ./script/../config/../vendor/rails/actionpack/lib/action_controller/templates/rescues/layout.rhtml (404 Page Not Found)
  [4;36;1mSQL (0.003505)[0m   [0;1mCREATE TABLE schema_info (version int(11))[0m
  [4;35;1mSQL (0.000335)[0m   [0mINSERT INTO schema_info (version) VALUES(0)[0m
  [4;36;1mSQL (0.000000)[0m   [0;1mMysql::Error: #42S01Table 'schema_info' already exists: CREATE TABLE schema_info (version int(11))[0m
  [4;35;1mSQL (0.000398)[0m   [0mSELECT version FROM schema_info[0m
Migrating to CreateReviews (1)
  [4;36;1mSQL (0.017654)[0m   [0;1mCREATE TABLE reviews (`id` int(11) DEFAULT NULL auto_increment PRIMARY KEY, `repository` varchar(255), `developer` varchar(255), `created_on` datetime) ENGINE=InnoDB[0m
  [4;35;1mSQL (0.000507)[0m   [0mUPDATE schema_info SET version = 1[0m
  [4;36;1mSQL (0.000433)[0m   [0;1mSELECT * FROM schema_info[0m
  [4;35;1mSQL (0.000419)[0m   [0mSHOW TABLES[0m
  [4;36;1mSQL (0.001374)[0m   [0;1mSHOW FIELDS FROM reviews[0m
  [4;35;1mSQL (0.001275)[0m   [0mSHOW KEYS FROM reviews[0m
  [4;36;1mSQL (0.000000)[0m   [0;1mMysql::Error: #42S01Table 'schema_info' already exists: CREATE TABLE schema_info (version int(11))[0m
  [4;35;1mSQL (0.000000)[0m   [0mMysql::Error: #42S01Table 'schema_info' already exists: CREATE TABLE schema_info (version int(11))[0m
  [4;36;1mSQL (0.000376)[0m   [0;1mSELECT version FROM schema_info[0m
  [4;35;1mSQL (0.000261)[0m   [0mSELECT version FROM schema_info[0m
Migrating to CreateCommits (2)
  [4;36;1mSQL (0.012126)[0m   [0;1mCREATE TABLE commits (`id` int(11) DEFAULT NULL auto_increment PRIMARY KEY, `sha1` varchar(40), `approved_by` varchar(255), `approved_on` datetime) ENGINE=InnoDB[0m
  [4;35;1mSQL (0.000310)[0m   [0mUPDATE schema_info SET version = 2[0m
  [4;36;1mSQL (0.000440)[0m   [0;1mSELECT * FROM schema_info[0m
  [4;35;1mSQL (0.000434)[0m   [0mSHOW TABLES[0m
  [4;36;1mSQL (0.001351)[0m   [0;1mSHOW FIELDS FROM commits[0m
  [4;35;1mSQL (0.001223)[0m   [0mSHOW KEYS FROM commits[0m
  [4;36;1mSQL (0.001189)[0m   [0;1mSHOW FIELDS FROM reviews[0m
  [4;35;1mSQL (0.001197)[0m   [0mSHOW KEYS FROM reviews[0m
